2023-09-20 10:42:25,939 WARN [restartedMain] o.a.k.c.NetworkClient [NetworkClient.java:671] [Consumer clientId=consumer-1, groupId=community-consumer-group] Connection to node -1 could not be established. Broker may not be available.
2023-09-20 10:42:26,048 WARN [restartedMain] o.a.k.c.NetworkClient [NetworkClient.java:671] [Consumer clientId=consumer-1, groupId=community-consumer-group] Connection to node -1 could not be established. Broker may not be available.
2023-09-20 10:42:26,158 WARN [restartedMain] o.a.k.c.NetworkClient [NetworkClient.java:671] [Consumer clientId=consumer-1, groupId=community-consumer-group] Connection to node -1 could not be established. Broker may not be available.
2023-09-20 10:42:26,490 WARN [restartedMain] o.a.k.c.NetworkClient [NetworkClient.java:671] [Consumer clientId=consumer-1, groupId=community-consumer-group] Connection to node -1 could not be established. Broker may not be available.
2023-09-20 10:42:26,945 WARN [restartedMain] o.a.k.c.NetworkClient [NetworkClient.java:671] [Consumer clientId=consumer-1, groupId=community-consumer-group] Connection to node -1 could not be established. Broker may not be available.
2023-09-20 10:42:27,824 WARN [restartedMain] o.a.k.c.NetworkClient [NetworkClient.java:671] [Consumer clientId=consumer-1, groupId=community-consumer-group] Connection to node -1 could not be established. Broker may not be available.
2023-09-20 10:42:28,912 WARN [restartedMain] o.a.k.c.NetworkClient [NetworkClient.java:671] [Consumer clientId=consumer-1, groupId=community-consumer-group] Connection to node -1 could not be established. Broker may not be available.
2023-09-20 10:42:30,218 WARN [restartedMain] o.a.k.c.NetworkClient [NetworkClient.java:671] [Consumer clientId=consumer-1, groupId=community-consumer-group] Connection to node -1 could not be established. Broker may not be available.
2023-09-20 10:42:31,094 WARN [restartedMain] o.a.k.c.NetworkClient [NetworkClient.java:671] [Consumer clientId=consumer-1, groupId=community-consumer-group] Connection to node -1 could not be established. Broker may not be available.
2023-09-20 10:42:32,068 WARN [restartedMain] o.a.k.c.NetworkClient [NetworkClient.java:671] [Consumer clientId=consumer-1, groupId=community-consumer-group] Connection to node -1 could not be established. Broker may not be available.
2023-09-20 10:42:33,160 WARN [restartedMain] o.a.k.c.NetworkClient [NetworkClient.java:671] [Consumer clientId=consumer-1, groupId=community-consumer-group] Connection to node -1 could not be established. Broker may not be available.
2023-09-20 10:42:34,037 WARN [restartedMain] o.a.k.c.NetworkClient [NetworkClient.java:671] [Consumer clientId=consumer-1, groupId=community-consumer-group] Connection to node -1 could not be established. Broker may not be available.
2023-09-20 10:42:35,237 WARN [restartedMain] o.a.k.c.NetworkClient [NetworkClient.java:671] [Consumer clientId=consumer-1, groupId=community-consumer-group] Connection to node -1 could not be established. Broker may not be available.
2023-09-20 10:42:36,439 WARN [restartedMain] o.a.k.c.NetworkClient [NetworkClient.java:671] [Consumer clientId=consumer-1, groupId=community-consumer-group] Connection to node -1 could not be established. Broker may not be available.
2023-09-20 10:42:37,530 WARN [restartedMain] o.a.k.c.NetworkClient [NetworkClient.java:671] [Consumer clientId=consumer-1, groupId=community-consumer-group] Connection to node -1 could not be established. Broker may not be available.
2023-09-20 10:42:38,512 WARN [restartedMain] o.a.k.c.NetworkClient [NetworkClient.java:671] [Consumer clientId=consumer-1, groupId=community-consumer-group] Connection to node -1 could not be established. Broker may not be available.
2023-09-20 10:42:39,602 WARN [restartedMain] o.a.k.c.NetworkClient [NetworkClient.java:671] [Consumer clientId=consumer-1, groupId=community-consumer-group] Connection to node -1 could not be established. Broker may not be available.
2023-09-20 10:42:40,801 WARN [restartedMain] o.a.k.c.NetworkClient [NetworkClient.java:671] [Consumer clientId=consumer-1, groupId=community-consumer-group] Connection to node -1 could not be established. Broker may not be available.
2023-09-20 10:42:41,672 WARN [restartedMain] o.a.k.c.NetworkClient [NetworkClient.java:671] [Consumer clientId=consumer-1, groupId=community-consumer-group] Connection to node -1 could not be established. Broker may not be available.
2023-09-20 10:42:42,545 WARN [restartedMain] o.a.k.c.NetworkClient [NetworkClient.java:671] [Consumer clientId=consumer-1, groupId=community-consumer-group] Connection to node -1 could not be established. Broker may not be available.
2023-09-20 10:42:43,529 WARN [restartedMain] o.a.k.c.NetworkClient [NetworkClient.java:671] [Consumer clientId=consumer-1, groupId=community-consumer-group] Connection to node -1 could not be established. Broker may not be available.
2023-09-20 10:42:44,726 WARN [restartedMain] o.a.k.c.NetworkClient [NetworkClient.java:671] [Consumer clientId=consumer-1, groupId=community-consumer-group] Connection to node -1 could not be established. Broker may not be available.
2023-09-20 10:42:45,931 WARN [restartedMain] o.a.k.c.NetworkClient [NetworkClient.java:671] [Consumer clientId=consumer-1, groupId=community-consumer-group] Connection to node -1 could not be established. Broker may not be available.
2023-09-20 10:42:46,930 WARN [restartedMain] o.a.k.c.NetworkClient [NetworkClient.java:671] [Consumer clientId=consumer-1, groupId=community-consumer-group] Connection to node -1 could not be established. Broker may not be available.
2023-09-20 10:42:48,037 WARN [restartedMain] o.a.k.c.NetworkClient [NetworkClient.java:671] [Consumer clientId=consumer-1, groupId=community-consumer-group] Connection to node -1 could not be established. Broker may not be available.
2023-09-20 10:42:49,025 WARN [restartedMain] o.a.k.c.NetworkClient [NetworkClient.java:671] [Consumer clientId=consumer-1, groupId=community-consumer-group] Connection to node -1 could not be established. Broker may not be available.
2023-09-20 10:42:50,120 WARN [restartedMain] o.a.k.c.NetworkClient [NetworkClient.java:671] [Consumer clientId=consumer-1, groupId=community-consumer-group] Connection to node -1 could not be established. Broker may not be available.
2023-09-20 10:42:51,001 WARN [restartedMain] o.a.k.c.NetworkClient [NetworkClient.java:671] [Consumer clientId=consumer-1, groupId=community-consumer-group] Connection to node -1 could not be established. Broker may not be available.
2023-09-20 10:42:52,220 WARN [restartedMain] o.a.k.c.NetworkClient [NetworkClient.java:671] [Consumer clientId=consumer-1, groupId=community-consumer-group] Connection to node -1 could not be established. Broker may not be available.
2023-09-20 10:42:53,432 WARN [restartedMain] o.a.k.c.NetworkClient [NetworkClient.java:671] [Consumer clientId=consumer-1, groupId=community-consumer-group] Connection to node -1 could not be established. Broker may not be available.
2023-09-20 10:42:54,538 WARN [restartedMain] o.a.k.c.NetworkClient [NetworkClient.java:671] [Consumer clientId=consumer-1, groupId=community-consumer-group] Connection to node -1 could not be established. Broker may not be available.
2023-09-20 10:42:55,765 WARN [restartedMain] o.a.k.c.NetworkClient [NetworkClient.java:671] [Consumer clientId=consumer-1, groupId=community-consumer-group] Connection to node -1 could not be established. Broker may not be available.
2023-09-20 10:42:56,773 WARN [restartedMain] o.s.b.w.s.c.AnnotationConfigServletWebServerApplicationContext [AbstractApplicationContext.java:557] Exception encountered during context initialization - cancelling refresh attempt: org.springframework.context.ApplicationContextException: Failed to start bean 'org.springframework.kafka.config.internalKafkaListenerEndpointRegistry'; nested exception is org.apache.kafka.common.KafkaException: Unexpected error fetching metadata for topic comment
2023-09-20 11:07:35,091 WARN [restartedMain] o.s.b.w.s.c.AnnotationConfigServletWebServerApplicationContext [AbstractApplicationContext.java:557] Exception encountered during context initialization - cancelling refresh attempt: org.springframework.beans.factory.BeanCreationException: Error creating bean with name 'springSecurityFilterChain' defined in class path resource [org/springframework/security/config/annotation/web/configuration/WebSecurityConfiguration.class]: Bean instantiation via factory method failed; nested exception is org.springframework.beans.BeanInstantiationException: Failed to instantiate [javax.servlet.Filter]: Factory method 'springSecurityFilterChain' threw exception; nested exception is java.lang.Error: Unresolved compilation problems: 
	Syntax error on token ".", delete this token
	The method and() is undefined for the type SecurityConfig

2023-09-20 11:07:58,208 WARN [restartedMain] o.s.b.w.s.c.AnnotationConfigServletWebServerApplicationContext [AbstractApplicationContext.java:557] Exception encountered during context initialization - cancelling refresh attempt: org.springframework.beans.factory.BeanCreationException: Error creating bean with name 'springSecurityFilterChain' defined in class path resource [org/springframework/security/config/annotation/web/configuration/WebSecurityConfiguration.class]: Bean instantiation via factory method failed; nested exception is org.springframework.beans.BeanInstantiationException: Failed to instantiate [javax.servlet.Filter]: Factory method 'springSecurityFilterChain' threw exception; nested exception is java.lang.Error: Unresolved compilation problems: 
	Syntax error on token ".", delete this token
	The method and() is undefined for the type SecurityConfig

